{
"contracts/CategoryManager.sol":{"l":{"22":30,"23":30,"24":30,"25":30,"26":30,"27":30,"29":30,"30":30,"31":30,"32":30,"33":30,"35":30,"36":30,"37":30,"38":30,"39":30,"40":30,"42":30,"43":30,"44":30,"45":30,"46":30,"47":30,"52":1},"path":"/Volumes/Untitled/Dev/Euronixa/openbadges-1sport/backend/contracts/CategoryManager.sol","s":{"1":30,"2":30,"3":30,"4":30,"5":30,"6":30,"7":30,"8":30,"9":1},"b":{},"f":{"1":30,"2":1},"fnMap":{"1":{"name":"constructor","line":21,"loc":{"start":{"line":21,"column":4},"end":{"line":48,"column":4}}},"2":{"name":"getCategories","line":51,"loc":{"start":{"line":51,"column":4},"end":{"line":53,"column":4}}}},"statementMap":{"1":{"start":{"line":22,"column":8},"end":{"line":22,"column":59}},"2":{"start":{"line":27,"column":8},"end":{"line":27,"column":67}},"3":{"start":{"line":29,"column":8},"end":{"line":29,"column":59}},"4":{"start":{"line":33,"column":8},"end":{"line":33,"column":64}},"5":{"start":{"line":35,"column":8},"end":{"line":35,"column":59}},"6":{"start":{"line":40,"column":8},"end":{"line":40,"column":66}},"7":{"start":{"line":42,"column":8},"end":{"line":42,"column":59}},"8":{"start":{"line":47,"column":8},"end":{"line":47,"column":67}},"9":{"start":{"line":52,"column":8},"end":{"line":52,"column":25}}},"branchMap":{}},
"contracts/CompanyManager.sol":{"l":{"24":4,"26":4,"32":4,"33":4,"42":1,"43":1,"45":1,"46":1,"50":3,"54":1,"56":1,"57":1,"60":1},"path":"/Volumes/Untitled/Dev/Euronixa/openbadges-1sport/backend/contracts/CompanyManager.sol","s":{"1":4,"2":4,"3":4,"4":1,"5":1,"6":1,"7":3,"8":1,"9":1,"10":1},"b":{"1":[4,0],"2":[1,1],"3":[1,0],"4":[1,0]},"f":{"1":10,"2":4,"3":1,"4":3,"5":1},"fnMap":{"1":{"name":"constructor","line":21,"loc":{"start":{"line":21,"column":4},"end":{"line":21,"column":39}}},"2":{"name":"submitCompany","line":23,"loc":{"start":{"line":23,"column":4},"end":{"line":34,"column":4}}},"3":{"name":"verifyCompany","line":41,"loc":{"start":{"line":41,"column":4},"end":{"line":47,"column":4}}},"4":{"name":"getCompany","line":49,"loc":{"start":{"line":49,"column":4},"end":{"line":51,"column":4}}},"5":{"name":"getAllCompanies","line":53,"loc":{"start":{"line":53,"column":4},"end":{"line":61,"column":4}}}},"statementMap":{"1":{"start":{"line":24,"column":8},"end":{"line":24,"column":88}},"2":{"start":{"line":32,"column":8},"end":{"line":32,"column":40}},"3":{"start":{"line":33,"column":8},"end":{"line":33,"column":47}},"4":{"start":{"line":42,"column":8},"end":{"line":42,"column":92}},"5":{"start":{"line":43,"column":8},"end":{"line":43,"column":101}},"6":{"start":{"line":46,"column":8},"end":{"line":46,"column":44}},"7":{"start":{"line":50,"column":8},"end":{"line":50,"column":40}},"8":{"start":{"line":54,"column":8},"end":{"line":54,"column":77}},"9":{"start":{"line":56,"column":8},"end":{"line":56,"column":1894}},"10":{"start":{"line":60,"column":8},"end":{"line":60,"column":26}}},"branchMap":{"1":{"line":24,"type":"if","locations":[{"start":{"line":24,"column":8},"end":{"line":24,"column":8}},{"start":{"line":24,"column":8},"end":{"line":24,"column":8}}]},"2":{"line":41,"type":"if","locations":[{"start":{"line":41,"column":58},"end":{"line":41,"column":58}},{"start":{"line":41,"column":58},"end":{"line":41,"column":58}}]},"3":{"line":42,"type":"if","locations":[{"start":{"line":42,"column":8},"end":{"line":42,"column":8}},{"start":{"line":42,"column":8},"end":{"line":42,"column":8}}]},"4":{"line":43,"type":"if","locations":[{"start":{"line":43,"column":8},"end":{"line":43,"column":8}},{"start":{"line":43,"column":8},"end":{"line":43,"column":8}}]}}},
"contracts/ExperienceManager.sol":{"l":{"31":30,"32":30,"33":30,"48":0,"50":0,"59":0,"60":0,"62":0,"66":0,"67":0,"68":0,"70":0,"72":0,"79":0,"90":0,"92":0,"93":0,"94":0,"98":0,"103":0,"104":0,"106":0,"107":0,"110":0,"115":0},"path":"/Volumes/Untitled/Dev/Euronixa/openbadges-1sport/backend/contracts/ExperienceManager.sol","s":{"1":0,"2":0,"3":0,"4":0,"5":0,"6":0,"7":0,"8":0,"9":0,"10":0,"11":0,"12":0,"13":0,"14":0,"15":0,"16":0,"17":0,"18":0,"19":0,"20":0},"b":{"1":[0,0],"2":[0,0],"3":[0,0],"4":[0,0]},"f":{"1":30,"2":0,"3":0,"4":0,"5":0,"6":0},"fnMap":{"1":{"name":"constructor","line":29,"loc":{"start":{"line":28,"column":4},"end":{"line":34,"column":4}}},"2":{"name":"submitExperience","line":42,"loc":{"start":{"line":42,"column":4},"end":{"line":63,"column":4}}},"3":{"name":"validateExperience","line":65,"loc":{"start":{"line":65,"column":4},"end":{"line":80,"column":4}}},"4":{"name":"getOrCreateBadge","line":83,"loc":{"start":{"line":83,"column":4},"end":{"line":99,"column":4}}},"5":{"name":"getUserExperiences","line":102,"loc":{"start":{"line":102,"column":4},"end":{"line":111,"column":4}}},"6":{"name":"getAllExperiences","line":114,"loc":{"start":{"line":114,"column":4},"end":{"line":116,"column":4}}}},"statementMap":{"1":{"start":{"line":48,"column":8},"end":{"line":48,"column":108}},"2":{"start":{"line":50,"column":8},"end":{"line":50,"column":1921}},"3":{"start":{"line":59,"column":8},"end":{"line":59,"column":50}},"4":{"start":{"line":60,"column":8},"end":{"line":60,"column":53}},"5":{"start":{"line":62,"column":8},"end":{"line":62,"column":58}},"6":{"start":{"line":66,"column":8},"end":{"line":66,"column":58}},"7":{"start":{"line":67,"column":8},"end":{"line":67,"column":88}},"8":{"start":{"line":68,"column":8},"end":{"line":68,"column":125}},"9":{"start":{"line":72,"column":8},"end":{"line":72,"column":2790}},"10":{"start":{"line":79,"column":8},"end":{"line":79,"column":58}},"11":{"start":{"line":90,"column":8},"end":{"line":90,"column":80}},"12":{"start":{"line":92,"column":8},"end":{"line":92,"column":3416}},"13":{"start":{"line":93,"column":12},"end":{"line":93,"column":3483}},"14":{"start":{"line":94,"column":16},"end":{"line":94,"column":40}},"15":{"start":{"line":98,"column":8},"end":{"line":98,"column":74}},"16":{"start":{"line":103,"column":8},"end":{"line":103,"column":60}},"17":{"start":{"line":104,"column":8},"end":{"line":104,"column":69}},"18":{"start":{"line":106,"column":8},"end":{"line":106,"column":3983}},"19":{"start":{"line":110,"column":8},"end":{"line":110,"column":22}},"20":{"start":{"line":115,"column":8},"end":{"line":115,"column":26}}},"branchMap":{"1":{"line":48,"type":"if","locations":[{"start":{"line":48,"column":8},"end":{"line":48,"column":8}},{"start":{"line":48,"column":8},"end":{"line":48,"column":8}}]},"2":{"line":67,"type":"if","locations":[{"start":{"line":67,"column":8},"end":{"line":67,"column":8}},{"start":{"line":67,"column":8},"end":{"line":67,"column":8}}]},"3":{"line":68,"type":"if","locations":[{"start":{"line":68,"column":8},"end":{"line":68,"column":8}},{"start":{"line":68,"column":8},"end":{"line":68,"column":8}}]},"4":{"line":93,"type":"if","locations":[{"start":{"line":93,"column":12},"end":{"line":93,"column":12}},{"start":{"line":93,"column":12},"end":{"line":93,"column":12}}]}}},
"contracts/OpenBadge.sol":{"l":{"18":11,"19":11,"27":0,"28":0,"29":0,"37":0,"45":0,"53":0,"64":0,"73":0,"81":0,"88":0},"path":"/Volumes/Untitled/Dev/Euronixa/openbadges-1sport/backend/contracts/OpenBadge.sol","s":{"1":0,"2":0,"3":0,"4":0,"5":0,"6":0,"7":0,"8":0,"9":0,"10":0},"b":{"1":[0,1]},"f":{"1":11,"2":0,"3":0,"4":0,"5":0,"6":0,"7":0,"8":0,"9":0},"fnMap":{"1":{"name":"constructor","line":16,"loc":{"start":{"line":14,"column":4},"end":{"line":20,"column":4}}},"2":{"name":"deliverBadge","line":25,"loc":{"start":{"line":23,"column":4},"end":{"line":30,"column":4}}},"3":{"name":"getBalance","line":32,"loc":{"start":{"line":32,"column":4},"end":{"line":38,"column":4}}},"4":{"name":"getCriteria","line":40,"loc":{"start":{"line":40,"column":4},"end":{"line":46,"column":4}}},"5":{"name":"getBadgeClassURI","line":48,"loc":{"start":{"line":48,"column":4},"end":{"line":54,"column":4}}},"6":{"name":"tokenURI","line":58,"loc":{"start":{"line":58,"column":4},"end":{"line":65,"column":4}}},"7":{"name":"supportsInterface","line":67,"loc":{"start":{"line":67,"column":4},"end":{"line":74,"column":4}}},"8":{"name":"_update","line":76,"loc":{"start":{"line":76,"column":4},"end":{"line":82,"column":4}}},"9":{"name":"_increaseBalance","line":84,"loc":{"start":{"line":84,"column":4},"end":{"line":89,"column":4}}}},"statementMap":{"1":{"start":{"line":27,"column":8},"end":{"line":27,"column":43}},"2":{"start":{"line":28,"column":8},"end":{"line":28,"column":29}},"3":{"start":{"line":29,"column":8},"end":{"line":29,"column":33}},"4":{"start":{"line":37,"column":8},"end":{"line":37,"column":39}},"5":{"start":{"line":45,"column":8},"end":{"line":45,"column":24}},"6":{"start":{"line":53,"column":8},"end":{"line":53,"column":29}},"7":{"start":{"line":64,"column":8},"end":{"line":64,"column":38}},"8":{"start":{"line":73,"column":8},"end":{"line":73,"column":51}},"9":{"start":{"line":81,"column":8},"end":{"line":81,"column":47}},"10":{"start":{"line":88,"column":8},"end":{"line":88,"column":45}}},"branchMap":{"1":{"line":25,"type":"if","locations":[{"start":{"line":25,"column":8},"end":{"line":25,"column":8}},{"start":{"line":25,"column":8},"end":{"line":25,"column":8}}]}}},
"contracts/OpenBadgesProfileManager.sol":{"l":{"40":40,"44":39,"48":17,"54":15,"58":63,"59":63,"60":63,"64":2,"68":1,"70":1,"71":1,"73":1,"77":2,"81":2,"83":2,"84":2,"86":2,"90":0,"97":19,"101":19,"102":19,"103":19,"105":19,"106":8,"107":8,"108":8,"115":2,"125":0,"127":0,"128":0,"129":0,"133":0,"141":11,"142":11,"143":11,"144":11,"152":0,"156":0,"161":0,"165":3,"169":0,"173":1,"177":1,"181":19,"187":0,"188":0,"189":0,"192":0},"path":"/Volumes/Untitled/Dev/Euronixa/openbadges-1sport/backend/contracts/OpenBadgesProfileManager.sol","s":{"1":40,"2":17,"3":2,"4":1,"5":1,"6":1,"7":2,"8":2,"9":2,"10":2,"11":0,"12":19,"13":19,"14":19,"15":8,"16":2,"17":0,"18":0,"19":0,"20":0,"21":0,"22":11,"23":11,"24":11,"25":11,"26":0,"27":0,"28":0,"29":3,"30":0,"31":1,"32":1,"33":19,"34":0,"35":0,"36":0,"37":0},"b":{"1":[39,1],"2":[15,2],"3":[1,14],"4":[14,0],"5":[19,0],"6":[8,11],"7":[3,0],"8":[2,1],"9":[0,0],"10":[12,1],"11":[11,1],"12":[0,0],"13":[0,0],"14":[0,0],"15":[0,0],"16":[3,0],"17":[0,0],"18":[1,0],"19":[1,0],"20":[1,0],"21":[1,0],"22":[19,0],"23":[3,5],"24":[5,0],"25":[0,0]},"f":{"1":40,"2":17,"3":63,"4":2,"5":1,"6":2,"7":2,"8":0,"9":19,"10":2,"11":0,"12":11,"13":0,"14":3,"15":0,"16":1,"17":1,"18":19,"19":0},"fnMap":{"1":{"name":"onlyInTheProfileList","line":39,"loc":{"start":{"line":39,"column":4},"end":{"line":45,"column":4}}},"2":{"name":"onlyOrganisations","line":47,"loc":{"start":{"line":47,"column":4},"end":{"line":55,"column":4}}},"3":{"name":"constructor","line":57,"loc":{"start":{"line":57,"column":4},"end":{"line":61,"column":4}}},"4":{"name":"getOwner","line":63,"loc":{"start":{"line":63,"column":4},"end":{"line":65,"column":4}}},"5":{"name":"getAllProfiles","line":67,"loc":{"start":{"line":67,"column":4},"end":{"line":74,"column":4}}},"6":{"name":"getAllProfileAdresses","line":76,"loc":{"start":{"line":76,"column":4},"end":{"line":78,"column":4}}},"7":{"name":"getAllOrganisations","line":80,"loc":{"start":{"line":80,"column":4},"end":{"line":87,"column":4}}},"8":{"name":"getAllOrganisationAddresses","line":89,"loc":{"start":{"line":89,"column":4},"end":{"line":91,"column":4}}},"9":{"name":"createProfile","line":93,"loc":{"start":{"line":93,"column":4},"end":{"line":110,"column":4}}},"10":{"name":"addMemberToOrganisation","line":114,"loc":{"start":{"line":112,"column":4},"end":{"line":116,"column":4}}},"11":{"name":"getOrCreateBadge","line":118,"loc":{"start":{"line":118,"column":4},"end":{"line":134,"column":4}}},"12":{"name":"addBadge","line":140,"loc":{"start":{"line":136,"column":4},"end":{"line":145,"column":4}}},"13":{"name":"deliverBadge","line":151,"loc":{"start":{"line":147,"column":4},"end":{"line":162,"column":4}}},"14":{"name":"getOwnProfile","line":164,"loc":{"start":{"line":164,"column":4},"end":{"line":166,"column":4}}},"15":{"name":"getDidProfileURL","line":168,"loc":{"start":{"line":168,"column":4},"end":{"line":170,"column":4}}},"16":{"name":"getOpenBadgeContracts","line":172,"loc":{"start":{"line":172,"column":4},"end":{"line":174,"column":4}}},"17":{"name":"getOrganisationMembers","line":176,"loc":{"start":{"line":176,"column":4},"end":{"line":178,"column":4}}},"18":{"name":"isOrganisation","line":180,"loc":{"start":{"line":180,"column":4},"end":{"line":184,"column":4}}},"19":{"name":"contains","line":186,"loc":{"start":{"line":186,"column":4},"end":{"line":193,"column":0}}}},"statementMap":{"1":{"start":{"line":40,"column":8},"end":{"line":40,"column":1083}},"2":{"start":{"line":48,"column":8},"end":{"line":48,"column":1261}},"3":{"start":{"line":64,"column":8},"end":{"line":64,"column":25}},"4":{"start":{"line":68,"column":8},"end":{"line":68,"column":71}},"5":{"start":{"line":70,"column":8},"end":{"line":70,"column":2074}},"6":{"start":{"line":73,"column":8},"end":{"line":73,"column":26}},"7":{"start":{"line":77,"column":8},"end":{"line":77,"column":31}},"8":{"start":{"line":81,"column":8},"end":{"line":81,"column":91}},"9":{"start":{"line":83,"column":8},"end":{"line":83,"column":2528}},"10":{"start":{"line":86,"column":8},"end":{"line":86,"column":31}},"11":{"start":{"line":90,"column":8},"end":{"line":90,"column":36}},"12":{"start":{"line":97,"column":8},"end":{"line":97,"column":2950}},"13":{"start":{"line":102,"column":8},"end":{"line":102,"column":40}},"14":{"start":{"line":105,"column":8},"end":{"line":105,"column":3240}},"15":{"start":{"line":107,"column":12},"end":{"line":107,"column":49}},"16":{"start":{"line":115,"column":8},"end":{"line":115,"column":55}},"17":{"start":{"line":125,"column":8},"end":{"line":125,"column":65}},"18":{"start":{"line":127,"column":8},"end":{"line":127,"column":4021}},"19":{"start":{"line":128,"column":12},"end":{"line":128,"column":4088}},"20":{"start":{"line":129,"column":16},"end":{"line":129,"column":40}},"21":{"start":{"line":133,"column":8},"end":{"line":133,"column":59}},"22":{"start":{"line":141,"column":8},"end":{"line":141,"column":90}},"23":{"start":{"line":142,"column":8},"end":{"line":142,"column":76}},"24":{"start":{"line":143,"column":8},"end":{"line":143,"column":60}},"25":{"start":{"line":144,"column":8},"end":{"line":144,"column":32}},"26":{"start":{"line":152,"column":8},"end":{"line":152,"column":4972}},"27":{"start":{"line":156,"column":8},"end":{"line":156,"column":5118}},"28":{"start":{"line":161,"column":8},"end":{"line":161,"column":52}},"29":{"start":{"line":165,"column":8},"end":{"line":165,"column":36}},"30":{"start":{"line":169,"column":8},"end":{"line":169,"column":44}},"31":{"start":{"line":173,"column":8},"end":{"line":173,"column":60}},"32":{"start":{"line":177,"column":8},"end":{"line":177,"column":49}},"33":{"start":{"line":181,"column":8},"end":{"line":181,"column":6158}},"34":{"start":{"line":187,"column":4},"end":{"line":187,"column":6452}},"35":{"start":{"line":188,"column":8},"end":{"line":188,"column":6506}},"36":{"start":{"line":189,"column":12},"end":{"line":189,"column":23}},"37":{"start":{"line":192,"column":4},"end":{"line":192,"column":16}}},"branchMap":{"1":{"line":40,"type":"if","locations":[{"start":{"line":40,"column":8},"end":{"line":40,"column":8}},{"start":{"line":40,"column":8},"end":{"line":40,"column":8}}]},"2":{"line":48,"type":"if","locations":[{"start":{"line":48,"column":8},"end":{"line":48,"column":8}},{"start":{"line":48,"column":8},"end":{"line":48,"column":8}}]},"3":{"line":49,"type":"cond-expr","locations":[{"start":{"line":49,"column":12},"end":{"line":49,"column":111}},{"start":{"line":50,"column":16},"end":{"line":50,"column":112}}]},"4":{"line":49,"type":"cond-expr","locations":[{"start":{"line":49,"column":12},"end":{"line":50,"column":112}},{"start":{"line":51,"column":16},"end":{"line":51,"column":117}}]},"5":{"line":97,"type":"if","locations":[{"start":{"line":97,"column":8},"end":{"line":97,"column":8}},{"start":{"line":97,"column":8},"end":{"line":97,"column":8}}]},"6":{"line":105,"type":"if","locations":[{"start":{"line":105,"column":8},"end":{"line":105,"column":8}},{"start":{"line":105,"column":8},"end":{"line":105,"column":8}}]},"7":{"line":114,"type":"if","locations":[{"start":{"line":114,"column":13},"end":{"line":114,"column":13}},{"start":{"line":114,"column":13},"end":{"line":114,"column":13}}]},"8":{"line":114,"type":"if","locations":[{"start":{"line":114,"column":34},"end":{"line":114,"column":34}},{"start":{"line":114,"column":34},"end":{"line":114,"column":34}}]},"9":{"line":128,"type":"if","locations":[{"start":{"line":128,"column":12},"end":{"line":128,"column":12}},{"start":{"line":128,"column":12},"end":{"line":128,"column":12}}]},"10":{"line":140,"type":"if","locations":[{"start":{"line":140,"column":13},"end":{"line":140,"column":13}},{"start":{"line":140,"column":13},"end":{"line":140,"column":13}}]},"11":{"line":140,"type":"if","locations":[{"start":{"line":140,"column":34},"end":{"line":140,"column":34}},{"start":{"line":140,"column":34},"end":{"line":140,"column":34}}]},"12":{"line":151,"type":"if","locations":[{"start":{"line":151,"column":13},"end":{"line":151,"column":13}},{"start":{"line":151,"column":13},"end":{"line":151,"column":13}}]},"13":{"line":151,"type":"if","locations":[{"start":{"line":151,"column":34},"end":{"line":151,"column":34}},{"start":{"line":151,"column":34},"end":{"line":151,"column":34}}]},"14":{"line":152,"type":"if","locations":[{"start":{"line":152,"column":8},"end":{"line":152,"column":8}},{"start":{"line":152,"column":8},"end":{"line":152,"column":8}}]},"15":{"line":156,"type":"if","locations":[{"start":{"line":156,"column":8},"end":{"line":156,"column":8}},{"start":{"line":156,"column":8},"end":{"line":156,"column":8}}]},"16":{"line":164,"type":"if","locations":[{"start":{"line":164,"column":41},"end":{"line":164,"column":41}},{"start":{"line":164,"column":41},"end":{"line":164,"column":41}}]},"17":{"line":168,"type":"if","locations":[{"start":{"line":168,"column":44},"end":{"line":168,"column":44}},{"start":{"line":168,"column":44},"end":{"line":168,"column":44}}]},"18":{"line":172,"type":"if","locations":[{"start":{"line":172,"column":49},"end":{"line":172,"column":49}},{"start":{"line":172,"column":49},"end":{"line":172,"column":49}}]},"19":{"line":172,"type":"if","locations":[{"start":{"line":172,"column":70},"end":{"line":172,"column":70}},{"start":{"line":172,"column":70},"end":{"line":172,"column":70}}]},"20":{"line":176,"type":"if","locations":[{"start":{"line":176,"column":50},"end":{"line":176,"column":50}},{"start":{"line":176,"column":50},"end":{"line":176,"column":50}}]},"21":{"line":176,"type":"if","locations":[{"start":{"line":176,"column":71},"end":{"line":176,"column":71}},{"start":{"line":176,"column":71},"end":{"line":176,"column":71}}]},"22":{"line":180,"type":"if","locations":[{"start":{"line":180,"column":61},"end":{"line":180,"column":61}},{"start":{"line":180,"column":61},"end":{"line":180,"column":61}}]},"23":{"line":181,"type":"cond-expr","locations":[{"start":{"line":181,"column":15},"end":{"line":181,"column":92}},{"start":{"line":182,"column":16},"end":{"line":182,"column":90}}]},"24":{"line":181,"type":"cond-expr","locations":[{"start":{"line":181,"column":15},"end":{"line":182,"column":90}},{"start":{"line":183,"column":16},"end":{"line":183,"column":95}}]},"25":{"line":188,"type":"if","locations":[{"start":{"line":188,"column":8},"end":{"line":188,"column":8}},{"start":{"line":188,"column":8},"end":{"line":188,"column":8}}]}}}}
