TN:
SF:/Volumes/Untitled/Dev/Euronixa/openbadges-1sport/backend/contracts/CategoryManager.sol
FN:21,constructor
FN:51,getCategories
FNF:2
FNH:2
FNDA:30,constructor
FNDA:1,getCategories
DA:22,30
DA:23,30
DA:24,30
DA:25,30
DA:26,30
DA:27,30
DA:29,30
DA:30,30
DA:31,30
DA:32,30
DA:33,30
DA:35,30
DA:36,30
DA:37,30
DA:38,30
DA:39,30
DA:40,30
DA:42,30
DA:43,30
DA:44,30
DA:45,30
DA:46,30
DA:47,30
DA:52,1
LF:24
LH:24
BRF:0
BRH:0
end_of_record
TN:
SF:/Volumes/Untitled/Dev/Euronixa/openbadges-1sport/backend/contracts/CompanyManager.sol
FN:21,constructor
FN:23,submitCompany
FN:41,verifyCompany
FN:49,getCompany
FN:53,getAllCompanies
FNF:5
FNH:5
FNDA:10,constructor
FNDA:4,submitCompany
FNDA:1,verifyCompany
FNDA:3,getCompany
FNDA:1,getAllCompanies
DA:24,4
DA:26,4
DA:32,4
DA:33,4
DA:42,1
DA:43,1
DA:45,1
DA:46,1
DA:50,3
DA:54,1
DA:56,1
DA:57,1
DA:60,1
LF:13
LH:13
BRDA:24,1,0,4
BRDA:24,1,1,0
BRDA:41,2,0,1
BRDA:41,2,1,1
BRDA:42,3,0,1
BRDA:42,3,1,0
BRDA:43,4,0,1
BRDA:43,4,1,0
BRF:8
BRH:5
end_of_record
TN:
SF:/Volumes/Untitled/Dev/Euronixa/openbadges-1sport/backend/contracts/ExperienceManager.sol
FN:29,constructor
FN:42,submitExperience
FN:65,validateExperience
FN:83,getOrCreateBadge
FN:102,getUserExperiences
FN:114,getAllExperiences
FNF:6
FNH:1
FNDA:30,constructor
FNDA:0,submitExperience
FNDA:0,validateExperience
FNDA:0,getOrCreateBadge
FNDA:0,getUserExperiences
FNDA:0,getAllExperiences
DA:31,30
DA:32,30
DA:33,30
DA:48,0
DA:50,0
DA:59,0
DA:60,0
DA:62,0
DA:66,0
DA:67,0
DA:68,0
DA:70,0
DA:72,0
DA:79,0
DA:90,0
DA:92,0
DA:93,0
DA:94,0
DA:98,0
DA:103,0
DA:104,0
DA:106,0
DA:107,0
DA:110,0
DA:115,0
LF:25
LH:3
BRDA:48,1,0,0
BRDA:48,1,1,0
BRDA:67,2,0,0
BRDA:67,2,1,0
BRDA:68,3,0,0
BRDA:68,3,1,0
BRDA:93,4,0,0
BRDA:93,4,1,0
BRF:8
BRH:0
end_of_record
TN:
SF:/Volumes/Untitled/Dev/Euronixa/openbadges-1sport/backend/contracts/OpenBadge.sol
FN:16,constructor
FN:25,deliverBadge
FN:32,getBalance
FN:40,getCriteria
FN:48,getBadgeClassURI
FN:58,tokenURI
FN:67,supportsInterface
FN:76,_update
FN:84,_increaseBalance
FNF:9
FNH:1
FNDA:11,constructor
FNDA:0,deliverBadge
FNDA:0,getBalance
FNDA:0,getCriteria
FNDA:0,getBadgeClassURI
FNDA:0,tokenURI
FNDA:0,supportsInterface
FNDA:0,_update
FNDA:0,_increaseBalance
DA:18,11
DA:19,11
DA:27,0
DA:28,0
DA:29,0
DA:37,0
DA:45,0
DA:53,0
DA:64,0
DA:73,0
DA:81,0
DA:88,0
LF:12
LH:2
BRDA:25,1,0,0
BRDA:25,1,1,1
BRF:2
BRH:1
end_of_record
TN:
SF:/Volumes/Untitled/Dev/Euronixa/openbadges-1sport/backend/contracts/OpenBadgesProfileManager.sol
FN:39,onlyInTheProfileList
FN:47,onlyOrganisations
FN:57,constructor
FN:63,getOwner
FN:67,getAllProfiles
FN:76,getAllProfileAdresses
FN:80,getAllOrganisations
FN:89,getAllOrganisationAddresses
FN:93,createProfile
FN:114,addMemberToOrganisation
FN:118,getOrCreateBadge
FN:140,addBadge
FN:151,deliverBadge
FN:164,getOwnProfile
FN:168,getDidProfileURL
FN:172,getOpenBadgeContracts
FN:176,getOrganisationMembers
FN:180,isOrganisation
FN:186,contains
FNF:19
FNH:14
FNDA:40,onlyInTheProfileList
FNDA:17,onlyOrganisations
FNDA:63,constructor
FNDA:2,getOwner
FNDA:1,getAllProfiles
FNDA:2,getAllProfileAdresses
FNDA:2,getAllOrganisations
FNDA:0,getAllOrganisationAddresses
FNDA:19,createProfile
FNDA:2,addMemberToOrganisation
FNDA:0,getOrCreateBadge
FNDA:11,addBadge
FNDA:0,deliverBadge
FNDA:3,getOwnProfile
FNDA:0,getDidProfileURL
FNDA:1,getOpenBadgeContracts
FNDA:1,getOrganisationMembers
FNDA:19,isOrganisation
FNDA:0,contains
DA:40,40
DA:44,39
DA:48,17
DA:54,15
DA:58,63
DA:59,63
DA:60,63
DA:64,2
DA:68,1
DA:70,1
DA:71,1
DA:73,1
DA:77,2
DA:81,2
DA:83,2
DA:84,2
DA:86,2
DA:90,0
DA:97,19
DA:101,19
DA:102,19
DA:103,19
DA:105,19
DA:106,8
DA:107,8
DA:108,8
DA:115,2
DA:125,0
DA:127,0
DA:128,0
DA:129,0
DA:133,0
DA:141,11
DA:142,11
DA:143,11
DA:144,11
DA:152,0
DA:156,0
DA:161,0
DA:165,3
DA:169,0
DA:173,1
DA:177,1
DA:181,19
DA:187,0
DA:188,0
DA:189,0
DA:192,0
LF:48
LH:34
BRDA:40,1,0,39
BRDA:40,1,1,1
BRDA:48,2,0,15
BRDA:48,2,1,2
BRDA:49,3,0,1
BRDA:49,3,1,14
BRDA:49,4,0,14
BRDA:49,4,1,0
BRDA:97,5,0,19
BRDA:97,5,1,0
BRDA:105,6,0,8
BRDA:105,6,1,11
BRDA:114,7,0,3
BRDA:114,7,1,0
BRDA:114,8,0,2
BRDA:114,8,1,1
BRDA:128,9,0,0
BRDA:128,9,1,0
BRDA:140,10,0,12
BRDA:140,10,1,1
BRDA:140,11,0,11
BRDA:140,11,1,1
BRDA:151,12,0,0
BRDA:151,12,1,0
BRDA:151,13,0,0
BRDA:151,13,1,0
BRDA:152,14,0,0
BRDA:152,14,1,0
BRDA:156,15,0,0
BRDA:156,15,1,0
BRDA:164,16,0,3
BRDA:164,16,1,0
BRDA:168,17,0,0
BRDA:168,17,1,0
BRDA:172,18,0,1
BRDA:172,18,1,0
BRDA:172,19,0,1
BRDA:172,19,1,0
BRDA:176,20,0,1
BRDA:176,20,1,0
BRDA:176,21,0,1
BRDA:176,21,1,0
BRDA:180,22,0,19
BRDA:180,22,1,0
BRDA:181,23,0,3
BRDA:181,23,1,5
BRDA:181,24,0,5
BRDA:181,24,1,0
BRDA:188,25,0,0
BRDA:188,25,1,0
BRF:50
BRH:26
end_of_record
